<?xml version="1.0" encoding="UTF-8"?>
<testsuite xmlns:xsi="http://www.w3.org/2001/XMLSchema-instance" xsi:noNamespaceSchemaLocation="https://maven.apache.org/surefire/maven-surefire-plugin/xsd/surefire-test-report.xsd" version="3.0.2" name="TestSuite" time="3.737" tests="4" errors="0" skipped="0" failures="0">
  <properties>
    <property name="java.specification.version" value="21"/>
    <property name="sun.cpu.isalist" value="amd64"/>
    <property name="sun.jnu.encoding" value="Cp1252"/>
    <property name="java.class.path" value="D:\git1\TestProjectCucumber_Git2\target\test-classes;D:\git1\TestProjectCucumber_Git2\target\classes;C:\Users\siddh\.m2\repository\io\cucumber\cucumber-java\6.10.4\cucumber-java-6.10.4.jar;C:\Users\siddh\.m2\repository\io\cucumber\cucumber-core\6.10.4\cucumber-core-6.10.4.jar;C:\Users\siddh\.m2\repository\io\cucumber\cucumber-gherkin\6.10.4\cucumber-gherkin-6.10.4.jar;C:\Users\siddh\.m2\repository\io\cucumber\cucumber-gherkin-messages\6.10.4\cucumber-gherkin-messages-6.10.4.jar;C:\Users\siddh\.m2\repository\io\cucumber\messages\15.0.0\messages-15.0.0.jar;C:\Users\siddh\.m2\repository\io\cucumber\tag-expressions\3.0.1\tag-expressions-3.0.1.jar;C:\Users\siddh\.m2\repository\io\cucumber\cucumber-expressions\10.3.0\cucumber-expressions-10.3.0.jar;C:\Users\siddh\.m2\repository\io\cucumber\datatable\3.5.0\datatable-3.5.0.jar;C:\Users\siddh\.m2\repository\io\cucumber\cucumber-plugin\6.10.4\cucumber-plugin-6.10.4.jar;C:\Users\siddh\.m2\repository\io\cucumber\docstring\6.10.4\docstring-6.10.4.jar;C:\Users\siddh\.m2\repository\io\cucumber\html-formatter\13.0.0\html-formatter-13.0.0.jar;C:\Users\siddh\.m2\repository\io\cucumber\create-meta\4.0.0\create-meta-4.0.0.jar;C:\Users\siddh\.m2\repository\org\apiguardian\apiguardian-api\1.1.1\apiguardian-api-1.1.1.jar;C:\Users\siddh\.m2\repository\io\cucumber\cucumber-testng\6.10.4\cucumber-testng-6.10.4.jar;C:\Users\siddh\.m2\repository\org\testng\testng\7.4.0\testng-7.4.0.jar;C:\Users\siddh\.m2\repository\com\beust\jcommander\1.78\jcommander-1.78.jar;C:\Users\siddh\.m2\repository\org\webjars\jquery\3.5.1\jquery-3.5.1.jar;"/>
    <property name="java.vm.vendor" value="Oracle Corporation"/>
    <property name="sun.arch.data.model" value="64"/>
    <property name="user.variant" value=""/>
    <property name="java.vendor.url" value="https://java.oracle.com/"/>
    <property name="user.timezone" value="Asia/Calcutta"/>
    <property name="os.name" value="Windows 10"/>
    <property name="java.vm.specification.version" value="21"/>
    <property name="sun.java.launcher" value="SUN_STANDARD"/>
    <property name="user.country" value="IN"/>
    <property name="sun.boot.library.path" value="C:\Program Files\Java\jdk-21\bin"/>
    <property name="sun.java.command" value="C:\Users\siddh\AppData\Local\Temp\surefire9174086996378566332\surefirebooter-20250330154147344_3.jar C:\Users\siddh\AppData\Local\Temp\surefire9174086996378566332 2025-03-30T15-41-46_744-jvmRun1 surefire-20250330154147344_1tmp surefire_0-20250330154147344_2tmp"/>
    <property name="jdk.debug" value="release"/>
    <property name="surefire.test.class.path" value="D:\git1\TestProjectCucumber_Git2\target\test-classes;D:\git1\TestProjectCucumber_Git2\target\classes;C:\Users\siddh\.m2\repository\io\cucumber\cucumber-java\6.10.4\cucumber-java-6.10.4.jar;C:\Users\siddh\.m2\repository\io\cucumber\cucumber-core\6.10.4\cucumber-core-6.10.4.jar;C:\Users\siddh\.m2\repository\io\cucumber\cucumber-gherkin\6.10.4\cucumber-gherkin-6.10.4.jar;C:\Users\siddh\.m2\repository\io\cucumber\cucumber-gherkin-messages\6.10.4\cucumber-gherkin-messages-6.10.4.jar;C:\Users\siddh\.m2\repository\io\cucumber\messages\15.0.0\messages-15.0.0.jar;C:\Users\siddh\.m2\repository\io\cucumber\tag-expressions\3.0.1\tag-expressions-3.0.1.jar;C:\Users\siddh\.m2\repository\io\cucumber\cucumber-expressions\10.3.0\cucumber-expressions-10.3.0.jar;C:\Users\siddh\.m2\repository\io\cucumber\datatable\3.5.0\datatable-3.5.0.jar;C:\Users\siddh\.m2\repository\io\cucumber\cucumber-plugin\6.10.4\cucumber-plugin-6.10.4.jar;C:\Users\siddh\.m2\repository\io\cucumber\docstring\6.10.4\docstring-6.10.4.jar;C:\Users\siddh\.m2\repository\io\cucumber\html-formatter\13.0.0\html-formatter-13.0.0.jar;C:\Users\siddh\.m2\repository\io\cucumber\create-meta\4.0.0\create-meta-4.0.0.jar;C:\Users\siddh\.m2\repository\org\apiguardian\apiguardian-api\1.1.1\apiguardian-api-1.1.1.jar;C:\Users\siddh\.m2\repository\io\cucumber\cucumber-testng\6.10.4\cucumber-testng-6.10.4.jar;C:\Users\siddh\.m2\repository\org\testng\testng\7.4.0\testng-7.4.0.jar;C:\Users\siddh\.m2\repository\com\beust\jcommander\1.78\jcommander-1.78.jar;C:\Users\siddh\.m2\repository\org\webjars\jquery\3.5.1\jquery-3.5.1.jar;"/>
    <property name="sun.cpu.endian" value="little"/>
    <property name="user.home" value="C:\Users\siddh"/>
    <property name="user.language" value="en"/>
    <property name="java.specification.vendor" value="Oracle Corporation"/>
    <property name="java.version.date" value="2025-01-21"/>
    <property name="java.home" value="C:\Program Files\Java\jdk-21"/>
    <property name="file.separator" value="\"/>
    <property name="basedir" value="D:\git1\TestProjectCucumber_Git2"/>
    <property name="java.vm.compressedOopsMode" value="32-bit"/>
    <property name="line.separator" value="&#10;"/>
    <property name="java.vm.specification.vendor" value="Oracle Corporation"/>
    <property name="java.specification.name" value="Java Platform API Specification"/>
    <property name="surefire.real.class.path" value="C:\Users\siddh\AppData\Local\Temp\surefire9174086996378566332\surefirebooter-20250330154147344_3.jar"/>
    <property name="user.script" value=""/>
    <property name="sun.management.compiler" value="HotSpot 64-Bit Tiered Compilers"/>
    <property name="java.runtime.version" value="21.0.6+8-LTS-188"/>
    <property name="user.name" value="siddh"/>
    <property name="stdout.encoding" value="Cp1252"/>
    <property name="path.separator" value=";"/>
    <property name="os.version" value="10.0"/>
    <property name="java.runtime.name" value="Java(TM) SE Runtime Environment"/>
    <property name="file.encoding" value="UTF-8"/>
    <property name="java.vm.name" value="Java HotSpot(TM) 64-Bit Server VM"/>
    <property name="localRepository" value="C:\Users\siddh\.m2\repository"/>
    <property name="java.vendor.url.bug" value="https://bugreport.java.com/bugreport/"/>
    <property name="java.io.tmpdir" value="C:\Users\siddh\AppData\Local\Temp\"/>
    <property name="java.version" value="21.0.6"/>
    <property name="user.dir" value="D:\git1\TestProjectCucumber_Git2"/>
    <property name="os.arch" value="amd64"/>
    <property name="java.vm.specification.name" value="Java Virtual Machine Specification"/>
    <property name="sun.os.patch.level" value=""/>
    <property name="native.encoding" value="Cp1252"/>
    <property name="java.library.path" value="C:\Program Files\Java\jdk-21\bin;C:\Windows\Sun\Java\bin;C:\Windows\system32;C:\Windows;C:\Program Files\Java\jdk-21\bin;C:\Program Files\Common Files\Oracle\Java\javapath;C:\Python312\Scripts\;C:\Python312\;C:\Python311\Scripts\;C:\Python311\;C:\Program Files (x86)\Common Files\Oracle\Java\javapath;C:\Windows\system32;C:\Windows;C:\Windows\System32\Wbem;C:\Windows\System32\WindowsPowerShell\v1.0\;C:\Windows\System32\OpenSSH\;C:\Program Files (x86)\Microsoft SQL Server\110\Tools\Binn\;C:\Program Files\Microsoft SQL Server\110\Tools\Binn\;C:\Program Files\Microsoft SQL Server\110\DTS\Binn\;C:\Program Files (x86)\Microsoft SQL Server\110\Tools\Binn\ManagementStudio\;C:\Program Files (x86)\Microsoft Visual Studio 10.0\Common7\IDE\PrivateAssemblies\;C:\Program Files (x86)\Microsoft SQL Server\110\DTS\Binn\;C:\ProgramData\chocolatey\bin;C:\Program Files\nodejs\;C:\Program Files\nodejs\node_modules;C:\Program Files\Git\cmd;C:\Program Files\apache-maven-3.9.9\bin;C:\Users\siddh\AppData\Local\Programs\Python\Python313\Scripts\;C:\Users\siddh\AppData\Local\Programs\Python\Python313\;C:\Program Files\MySQL\MySQL Shell 8.0\bin\;C:\Users\siddh\AppData\Local\Microsoft\WindowsApps;C:\Program Files\Java\jdk-21\bin;C:\Users\siddh\AppData\Local\GitHubDesktop\bin;C:\Users\siddh\AppData\Roaming\npm;C:\Users\siddh\AppData\Local\Programs\Microsoft VS Code\bin;."/>
    <property name="java.vm.info" value="mixed mode, sharing"/>
    <property name="stderr.encoding" value="Cp1252"/>
    <property name="java.vendor" value="Oracle Corporation"/>
    <property name="java.vm.version" value="21.0.6+8-LTS-188"/>
    <property name="sun.io.unicode.encoding" value="UnicodeLittle"/>
    <property name="java.class.version" value="65.0"/>
  </properties>
  <testcase name="runScenario[&quot;Attempt login with valid credentials&quot;, &quot;Optional[Web Login]&quot;](1)" classname="Runners.Run" time="0.698">
    <system-out><![CDATA[===========================================================
Scenario name::Attempt login with valid credentials
Scenario tags::[@critical, @regression, @smoke, @functional]
:::::::::::::::::::::::::::::::::::::::::::::::::::::::::::
The user is on login page
Entered valid credentials
Clicked on submit
Yeah I am logged in
===========================================================
]]></system-out>
  </testcase>
  <testcase name="runScenario[&quot;Attempt Login with invalid credentials&quot;, &quot;Optional[Web Login]&quot;](2)" classname="Runners.Run" time="0.217">
    <system-out><![CDATA[===========================================================
Scenario name::Attempt Login with invalid credentials
Scenario tags::[@critical, @functional, @regression]
:::::::::::::::::::::::::::::::::::::::::::::::::::::::::::
The user is on login page
Entered invalid credentials
Clicked on submit
error displayed::: Username or password invalid
User was not logged in
===========================================================
]]></system-out>
  </testcase>
  <testcase name="runScenario[&quot;Check for company logo on login form&quot;, &quot;Optional[Web Login]&quot;](3)" classname="Runners.Run" time="0.035">
    <system-out><![CDATA[===========================================================
Scenario name::Check for company logo on login form
Scenario tags::[@critical, @ui, @regression]
:::::::::::::::::::::::::::::::::::::::::::::::::::::::::::
The user is on login page
The company logo is present in the login form
===========================================================
]]></system-out>
  </testcase>
  <testcase name="runScenario[&quot;Initiate Forgot password flow&quot;, &quot;Optional[Web Login]&quot;](4)" classname="Runners.Run" time="0.117">
    <system-out><![CDATA[===========================================================
Scenario name::Initiate Forgot password flow
Scenario tags::[@critical, @functional, @regression, @smoke]
:::::::::::::::::::::::::::::::::::::::::::::::::::::::::::
The user is on login page
The user clicked on forgot username link::::::::::::::::
The user is on verify email address page of Recover/reset password flow
===========================================================
]]></system-out>
  </testcase>
</testsuite>