<?xml version="1.0" encoding="UTF-8"?>
<!-- Generated by org.testng.reporters.JUnitReportReporter -->
<testsuite hostname="DESKTOP-JKII5H6" failures="0" tests="4" name="Runners.Run" time="0.655" errors="0" timestamp="2025-03-30T15:41:52 IST" skipped="0">
  <testcase classname="Runners.Run" name="runScenario" time="0.045"/>
  <system-out/>
  <testcase classname="Runners.Run" name="runScenario" time="0.032"/>
  <system-out/>
  <testcase classname="Runners.Run" name="runScenario" time="0.022"/>
  <system-out/>
  <testcase classname="Runners.Run" name="runScenario" time="0.556"/>
  <system-out/>
</testsuite> <!-- Runners.Run -->
